<?xml version="1.0" encoding="UTF-8"?>
<testng-results ignored="0" total="2" passed="2" failed="0" skipped="0">
  <reporter-output>
  </reporter-output>
  <suite started-at="2023-06-13T00:26:09 IST" name="Default suite" finished-at="2023-06-13T00:26:54 IST" duration-ms="45518">
    <groups>
    </groups>
    <test started-at="2023-06-13T00:26:09 IST" name="Default test" finished-at="2023-06-13T00:26:54 IST" duration-ms="45518">
      <class name="com.testng.NewTest">
        <test-method is-config="true" signature="beforeTest()[pri:0, instance:com.testng.NewTest@9f116cc]" started-at="2023-06-13T00:26:09 IST" name="beforeTest" finished-at="2023-06-13T00:26:19 IST" duration-ms="10231" status="PASS">
          <reporter-output>
          </reporter-output>
        </test-method> <!-- beforeTest -->
        <test-method signature="Auto1()[pri:0, instance:com.testng.NewTest@9f116cc]" started-at="2023-06-13T00:26:19 IST" name="Auto1" finished-at="2023-06-13T00:26:30 IST" duration-ms="10830" status="PASS">
          <reporter-output>
          </reporter-output>
        </test-method> <!-- Auto1 -->
        <test-method signature="Auto2()[pri:1, instance:com.testng.NewTest@9f116cc]" started-at="2023-06-13T00:26:30 IST" name="Auto2" finished-at="2023-06-13T00:26:54 IST" duration-ms="24188" status="PASS">
          <reporter-output>
          </reporter-output>
        </test-method> <!-- Auto2 -->
        <test-method is-config="true" signature="afterTest()[pri:0, instance:com.testng.NewTest@9f116cc]" started-at="2023-06-13T00:26:54 IST" name="afterTest" finished-at="2023-06-13T00:26:54 IST" duration-ms="193" status="PASS">
          <reporter-output>
          </reporter-output>
        </test-method> <!-- afterTest -->
      </class> <!-- com.testng.NewTest -->
    </test> <!-- Default test -->
  </suite> <!-- Default suite -->
</testng-results>
